D:\STUDY\RMUTRANSLATOR\RMUTRANSLATOR\DEBUG\RMUTRANSLATOR.LIB
D:\STUDY\RMUTRANSLATOR\RMUTRANSLATOR\RMUTRANSLATOR\DEBUG\.NETFRAMEWORK,VERSION=V4.0.ASSEMBLYATTRIBUTES.OBJ
D:\STUDY\RMUTRANSLATOR\RMUTRANSLATOR\RMUTRANSLATOR\DEBUG\APP.RES
D:\Study\RMUTranslator\RMUTranslator\RMUTranslator\Debug\cl.command.1.tlog
D:\Study\RMUTranslator\RMUTranslator\RMUTranslator\Debug\CL.read.1.tlog
D:\Study\RMUTranslator\RMUTranslator\RMUTranslator\Debug\CL.write.1.tlog
D:\STUDY\RMUTRANSLATOR\RMUTRANSLATOR\RMUTRANSLATOR\DEBUG\CONVERT.OBJ
D:\Study\RMUTranslator\RMUTranslator\RMUTranslator\Debug\lib.command.1.tlog
D:\Study\RMUTranslator\RMUTranslator\RMUTranslator\Debug\Lib-link.read.1.tlog
D:\Study\RMUTranslator\RMUTranslator\RMUTranslator\Debug\Lib-link.write.1.tlog
D:\Study\RMUTranslator\RMUTranslator\RMUTranslator\Debug\Lib-link-cvtres.read.1.tlog
D:\Study\RMUTranslator\RMUTranslator\RMUTranslator\Debug\Lib-link-cvtres.write.1.tlog
D:\Study\RMUTranslator\RMUTranslator\RMUTranslator\Debug\rc.command.1.tlog
D:\Study\RMUTranslator\RMUTranslator\RMUTranslator\Debug\rc.read.1.tlog
D:\Study\RMUTranslator\RMUTranslator\RMUTranslator\Debug\rc.write.1.tlog
D:\STUDY\RMUTRANSLATOR\RMUTRANSLATOR\RMUTRANSLATOR\DEBUG\RMUCALLER.OBJ
D:\STUDY\RMUTRANSLATOR\RMUTRANSLATOR\RMUTRANSLATOR\DEBUG\RMUTRANSLATOR.OBJ
D:\STUDY\RMUTRANSLATOR\RMUTRANSLATOR\RMUTRANSLATOR\DEBUG\RMUTRANSLATOR.PCH
D:\Study\RMUTranslator\RMUTranslator\RMUTranslator\Debug\RMUTranslator.write.1.tlog
D:\STUDY\RMUTRANSLATOR\RMUTRANSLATOR\RMUTRANSLATOR\DEBUG\STDAFX.OBJ
D:\STUDY\RMUTRANSLATOR\RMUTRANSLATOR\RMUTRANSLATOR\DEBUG\STRRESULT.OBJ
D:\STUDY\RMUTRANSLATOR\RMUTRANSLATOR\RMUTRANSLATOR\DEBUG\VC100.PDB
